Running in Lattice mode


Starting:    C:\ispLEVER_Classic2_0\synpbase\win64\mbin\synbatch.exe
Install:     C:\ispLEVER_Classic2_0\synpbase
Date:        Wed Sep 04 11:30:38 2019
Version:     I-2014.03LC 

Arguments:   -product synplify_pro  -batch c:/users/eirikff/byggern/pingpong/address_decoder\address.prj
ProductType: synplify_pro





log file: "C:\users\eirikff\byggern\pingpong\address_decoder\address.srr"

Running address|address_decoder

Running: Compile on address|address_decoder

Running: Compile Process on address|address_decoder

Running: Compile Input on address|address_decoder
Copied C:\users\eirikff\byggern\pingpong\address_decoder\synwork\address_comp.srs to C:\users\eirikff\byggern\pingpong\address_decoder\address.srs
compiler Completed
Return Code: 0
Run Time:0h:00m:01s

Running: Multi-srs Generator on address|address_decoder
Copied C:\users\eirikff\byggern\pingpong\address_decoder\synwork\address_comp.srs to C:\users\eirikff\byggern\pingpong\address_decoder\synwork\address_s.srs
multi_srs_gen Completed
Return Code: 0
Run Time:0h:00m:00s
Copied C:\users\eirikff\byggern\pingpong\address_decoder\synwork\address_mult.srs to C:\users\eirikff\byggern\pingpong\address_decoder\address.srs
Copied C:\users\eirikff\byggern\pingpong\address_decoder\address.srr to C:\users\eirikff\byggern\pingpong\address_decoder\address.srf
Complete: Compile Process on address|address_decoder
Complete: Compile on address|address_decoder

Running: Map on address|address_decoder

Running: Map & Optimize on address|address_decoder
fpga_mapper Completed
Return Code: 0
Run Time:0h:00m:01s
Complete: Map on address|address_decoder
Copied C:\users\eirikff\byggern\pingpong\address_decoder\address.srr to C:\users\eirikff\byggern\pingpong\address_decoder\address.srf
Complete: Logic Synthesis on address|address_decoder

exit status=0

exit status=0

